<?xml version="1.0" encoding="UTF-8"?>
<!-- Generated by org.testng.reporters.JUnitReportReporter -->
<testsuite hostname="DESKTOP-MP58OJN" failures="0" tests="1" name="PracticeTests.BrowserPopUpTest" time="7.976" errors="0" timestamp="26 Mar 2024 06:05:46 GMT" skipped="0">
  <testcase classname="PracticeTests.BrowserPopUpTest" name="browserPopUp" time="7.976"/>
</testsuite> <!-- PracticeTests.BrowserPopUpTest -->
