<?xml version="1.0" encoding="UTF-8"?>
<!-- Generated by org.testng.reporters.JUnitReportReporter -->
<testsuite hostname="DESKTOP-MP58OJN" failures="0" tests="11" name="tests.InvocationCountTest" time="0.017" errors="0" timestamp="06 Mar 2024 09:32:02 GMT" skipped="0">
  <testcase classname="tests.InvocationCountTest" name="sum" time="0.001"/>
  <testcase classname="tests.InvocationCountTest" name="test1" time="0.002"/>
  <testcase classname="tests.InvocationCountTest" name="sum" time="0.001"/>
  <testcase classname="tests.InvocationCountTest" name="sum" time="0.001"/>
  <testcase classname="tests.InvocationCountTest" name="sum" time="0.001"/>
  <testcase classname="tests.InvocationCountTest" name="sum" time="0.001"/>
  <testcase classname="tests.InvocationCountTest" name="sum" time="0.001"/>
  <testcase classname="tests.InvocationCountTest" name="sum" time="0.001"/>
  <testcase classname="tests.InvocationCountTest" name="sum" time="0.001"/>
  <testcase classname="tests.InvocationCountTest" name="sum" time="0.007"/>
  <testcase classname="tests.InvocationCountTest" name="sum" time="0.000"/>
</testsuite> <!-- tests.InvocationCountTest -->
