<?xml version="1.0" encoding="UTF-8"?>
<!-- Generated by org.testng.reporters.JUnitReportReporter -->
<testsuite hostname="DESKTOP-MP58OJN" failures="0" tests="1" name="PracticeTests.AlertPopUpHandleTest" time="4.392" errors="0" timestamp="21 Mar 2024 06:19:16 GMT" skipped="0">
  <testcase classname="PracticeTests.AlertPopUpHandleTest" name="filePopUp" time="4.392"/>
</testsuite> <!-- PracticeTests.AlertPopUpHandleTest -->
