<?xml version="1.0" encoding="UTF-8"?>
<!-- Generated by org.testng.reporters.JUnitReportReporter -->
<testsuite hostname="DESKTOP-MP58OJN" failures="0" tests="1" name="PracticeTests.ScreenshotTest" time="3.770" errors="0" timestamp="26 Mar 2024 05:22:34 GMT" skipped="0">
  <testcase classname="PracticeTests.ScreenshotTest" name="takeScreenshot" time="3.770"/>
</testsuite> <!-- PracticeTests.ScreenshotTest -->
