<?xml version="1.0" encoding="UTF-8"?>
<!-- Generated by org.testng.reporters.JUnitReportReporter -->
<testsuite hostname="DESKTOP-MP58OJN" failures="0" tests="1" name="PracticeTests.FrameHandleTest" time="28.570" errors="0" timestamp="21 Mar 2024 07:24:40 GMT" skipped="0">
  <testcase classname="PracticeTests.FrameHandleTest" name="frameHandle" time="28.570"/>
</testsuite> <!-- PracticeTests.FrameHandleTest -->
