<?xml version="1.0" encoding="UTF-8"?>
<!-- Generated by org.testng.reporters.JUnitReportReporter -->
<testsuite hostname="DESKTOP-MP58OJN" failures="0" tests="1" name="tests.ParameterTest" time="3.902" errors="0" timestamp="06 Mar 2024 10:06:52 GMT" skipped="0">
  <testcase classname="tests.ParameterTest" name="yahooLoginTest" time="3.902"/>
</testsuite> <!-- tests.ParameterTest -->
