<?xml version="1.0" encoding="UTF-8"?>
<!-- Generated by org.testng.reporters.JUnitReportReporter -->
<testsuite hostname="DESKTOP-MP58OJN" failures="0" tests="1" name="PracticeTests.HTMLUnitDriverConcept" time="20.394" errors="0" timestamp="26 Mar 2024 07:10:22 GMT" skipped="0">
  <testcase classname="PracticeTests.HTMLUnitDriverConcept" name="unitDriverTest" time="20.394"/>
</testsuite> <!-- PracticeTests.HTMLUnitDriverConcept -->
