<?xml version="1.0" encoding="UTF-8"?>
<!-- Generated by org.testng.reporters.JUnitReportReporter -->
<testsuite hostname="DESKTOP-MP58OJN" failures="0" tests="3" name="tests.TestNgFeatures" time="0.013" errors="0" timestamp="06 Mar 2024 09:16:27 GMT" skipped="0">
  <testcase classname="tests.TestNgFeatures" name="homePageTest" time="0.001"/>
  <testcase classname="tests.TestNgFeatures" name="regPageTest" time="0.001"/>
  <testcase classname="tests.TestNgFeatures" name="linkTest" time="0.011"/>
</testsuite> <!-- tests.TestNgFeatures -->
