<?xml version="1.0" encoding="UTF-8"?>
<!-- Generated by org.testng.reporters.JUnitReportReporter -->
<testsuite hostname="DESKTOP-MP58OJN" failures="0" tests="3" name="tests.GoogleTests" time="6.759" errors="0" timestamp="06 Mar 2024 09:51:12 GMT" skipped="0">
  <testcase classname="tests.GoogleTests" name="googleTitleTest" time="2.066"/>
  <testcase classname="tests.GoogleTests" name="mailLinkTest" time="2.632"/>
  <testcase classname="tests.GoogleTests" name="googleLogoTest" time="2.061"/>
</testsuite> <!-- tests.GoogleTests -->
