<?xml version="1.0" encoding="UTF-8"?>
<!-- Generated by org.testng.reporters.JUnitReportReporter -->
<testsuite hostname="DESKTOP-MP58OJN" failures="0" tests="1" name="PracticeTests.MouseMovementTest" time="4.729" errors="0" timestamp="26 Mar 2024 04:42:04 GMT" skipped="0">
  <testcase classname="PracticeTests.MouseMovementTest" name="dragAndDrop" time="4.729"/>
</testsuite> <!-- PracticeTests.MouseMovementTest -->
