<?xml version="1.0" encoding="UTF-8"?>
<!-- Generated by org.testng.reporters.JUnitReportReporter -->
<testsuite hostname="DESKTOP-MP58OJN" failures="0" tests="1" name="PracticeTests.CalendarTest" time="53.571" errors="0" timestamp="28 Mar 2024 06:40:10 GMT" skipped="0">
  <testcase classname="PracticeTests.CalendarTest" name="calendarTest" time="53.571"/>
</testsuite> <!-- PracticeTests.CalendarTest -->
