<?xml version="1.0" encoding="UTF-8"?>
<!-- Generated by org.testng.reporters.JUnitReportReporter -->
<testsuite hostname="DESKTOP-MP58OJN" failures="0" tests="1" name="PracticeTests.GoogleSearchTest" time="4.815" errors="0" timestamp="28 Mar 2024 05:12:46 GMT" skipped="0">
  <testcase classname="PracticeTests.GoogleSearchTest" name="googleSearchTest" time="4.815"/>
</testsuite> <!-- PracticeTests.GoogleSearchTest -->
