<?xml version="1.0" encoding="UTF-8"?>
<!-- Generated by org.testng.reporters.JUnitReportReporter -->
<testsuite hostname="DESKTOP-MP58OJN" failures="0" tests="1" name="PracticeTests.MouseMovementTest" time="9.944" errors="0" timestamp="21 Mar 2024 09:32:58 GMT" skipped="0">
  <testcase classname="PracticeTests.MouseMovementTest" name="mouseMovement" time="9.944"/>
</testsuite> <!-- PracticeTests.MouseMovementTest -->
